[INFO ] 2022-05-01 13:59:18.701 [main] Driver - The app just started.
[INFO ] 2022-05-01 13:59:18.701 [main] Driver - The app just started.
[INFO ] 2022-05-01 13:59:21.624 [main] Driver - Welcome to MyBank app
[INFO ] 2022-05-01 13:59:21.624 [main] Driver - Welcome to MyBank app
[INFO ] 2022-05-01 14:01:05.196 [main] Driver - The app just started.
[INFO ] 2022-05-01 14:01:05.196 [main] Driver - The app just started.
[INFO ] 2022-05-01 14:01:07.420 [main] Driver - Welcome to MyBank app
[INFO ] 2022-05-01 14:01:07.420 [main] Driver - Welcome to MyBank app
[INFO ] 2022-05-01 14:01:14.793 [main] Driver - second menu!
[INFO ] 2022-05-01 14:01:14.793 [main] Driver - second menu!
[INFO ] 2022-05-01 14:01:16.208 [main] Driver - second menu!
[INFO ] 2022-05-01 14:01:16.208 [main] Driver - second menu!
[INFO ] 2022-05-01 14:01:17.906 [main] Driver - second menu!
[INFO ] 2022-05-01 14:01:17.906 [main] Driver - second menu!
[INFO ] 2022-05-01 14:02:39.149 [main] Driver - The app just started.
[INFO ] 2022-05-01 14:02:39.149 [main] Driver - The app just started.
[INFO ] 2022-05-01 14:02:41.091 [main] Driver - Welcome to MyBank app
[INFO ] 2022-05-01 14:02:41.091 [main] Driver - Welcome to MyBank app
[INFO ] 2022-05-01 14:02:49.883 [main] Driver - second menu!
[INFO ] 2022-05-01 14:02:49.883 [main] Driver - second menu!
[INFO ] 2022-05-01 14:02:51.136 [main] Driver - second menu!
[INFO ] 2022-05-01 14:02:51.136 [main] Driver - second menu!
[INFO ] 2022-05-01 14:03:37.824 [main] Driver - The app just started.
[INFO ] 2022-05-01 14:03:37.824 [main] Driver - The app just started.
[INFO ] 2022-05-01 14:03:40.529 [main] Driver - Welcome to MyBank app
[INFO ] 2022-05-01 14:03:40.529 [main] Driver - Welcome to MyBank app
[INFO ] 2022-05-01 14:03:47.733 [main] Driver - second menu!
[INFO ] 2022-05-01 14:03:47.733 [main] Driver - second menu!
[INFO ] 2022-05-01 14:03:48.947 [main] Driver - second menu!
[INFO ] 2022-05-01 14:03:48.947 [main] Driver - second menu!
[INFO ] 2022-05-01 14:03:57.851 [main] Driver - second menu!
[INFO ] 2022-05-01 14:03:57.851 [main] Driver - second menu!
[INFO ] 2022-05-01 14:09:27.290 [main] Driver - The app just started.
[INFO ] 2022-05-01 14:09:27.290 [main] Driver - The app just started.
[INFO ] 2022-05-01 14:09:31.391 [main] Driver - Welcome to MyBank app
[INFO ] 2022-05-01 14:09:31.391 [main] Driver - Welcome to MyBank app
[INFO ] 2022-05-01 14:09:39.383 [main] Driver - second menu!
[INFO ] 2022-05-01 14:09:39.383 [main] Driver - second menu!
[INFO ] 2022-05-01 14:09:41.254 [main] Driver - second menu!
[INFO ] 2022-05-01 14:09:41.254 [main] Driver - second menu!
[INFO ] 2022-05-01 14:11:36.155 [main] Driver - The app just started.
[INFO ] 2022-05-01 14:11:36.155 [main] Driver - The app just started.
[INFO ] 2022-05-01 14:11:38.187 [main] Driver - Welcome to MyBank app
[INFO ] 2022-05-01 14:11:38.187 [main] Driver - Welcome to MyBank app
[INFO ] 2022-05-01 14:11:47.890 [main] Driver - second menu!
[INFO ] 2022-05-01 14:11:47.890 [main] Driver - second menu!
[INFO ] 2022-05-01 14:11:49.962 [main] Driver - second menu!
[INFO ] 2022-05-01 14:11:49.962 [main] Driver - second menu!
[INFO ] 2022-05-01 14:11:54.228 [main] Driver - second menu!
[INFO ] 2022-05-01 14:11:54.228 [main] Driver - second menu!
[INFO ] 2022-05-01 14:12:00.120 [main] Driver - second menu!
[INFO ] 2022-05-01 14:12:00.120 [main] Driver - second menu!
[INFO ] 2022-05-01 14:12:46.731 [main] Driver - The app just started.
[INFO ] 2022-05-01 14:12:49.437 [main] Driver - Welcome to MyBank app
[INFO ] 2022-05-01 14:12:57.880 [main] Driver - second menu!
[INFO ] 2022-05-01 14:13:00.093 [main] Driver - second menu!
[INFO ] 2022-05-01 14:13:06.168 [main] Driver - second menu!
[INFO ] 2022-05-01 14:13:14.018 [main] Driver - second menu!
[INFO ] 2022-05-01 14:13:28.979 [main] Driver - second menu!
[INFO ] 2022-05-01 14:13:35.136 [main] Driver - The app just started.
[INFO ] 2022-05-01 14:15:50.938 [main] Driver - Welcome to MyBank app
[INFO ] 2022-05-01 14:16:02.262 [main] Driver - Welcome to MyBank app
[INFO ] 2022-05-01 14:16:35.812 [main] Driver - Welcome to MyBank app
[INFO ] 2022-05-01 14:20:53.420 [main] Driver - Welcome to MyBank app
[INFO ] 2022-05-01 14:21:02.306 [main] Driver - second menu!
[INFO ] 2022-05-01 14:21:02.327 [main] Driver - Checkbalance happened here.
[INFO ] 2022-05-01 14:21:04.346 [main] Driver - second menu!
[INFO ] 2022-05-01 14:21:06.678 [main] Driver - Deposit happened here.
